[ERROR] [2020-04-13 14:15:13][com.alibaba.druid.pool.DruidDataSource]dataSource init error
java.sql.SQLException: oracle.jdbc.driver.OracleDriver
	at com.alibaba.druid.util.JdbcUtils.createDriver(JdbcUtils.java:510)
	at com.alibaba.druid.pool.DruidDataSource.init(DruidDataSource.java:563)
	at sun.reflect.NativeMethodAccessorImpl.invoke0(Native Method)
	at sun.reflect.NativeMethodAccessorImpl.invoke(NativeMethodAccessorImpl.java:62)
	at sun.reflect.DelegatingMethodAccessorImpl.invoke(DelegatingMethodAccessorImpl.java:43)
	at java.lang.reflect.Method.invoke(Method.java:498)
	at org.springframework.beans.factory.support.AbstractAutowireCapableBeanFactory.invokeCustomInitMethod(AbstractAutowireCapableBeanFactory.java:1929)
	at org.springframework.beans.factory.support.AbstractAutowireCapableBeanFactory.invokeInitMethods(AbstractAutowireCapableBeanFactory.java:1871)
	at org.springframework.beans.factory.support.AbstractAutowireCapableBeanFactory.initializeBean(AbstractAutowireCapableBeanFactory.java:1799)
	at org.springframework.beans.factory.support.AbstractAutowireCapableBeanFactory.doCreateBean(AbstractAutowireCapableBeanFactory.java:595)
	at org.springframework.beans.factory.support.AbstractAutowireCapableBeanFactory.createBean(AbstractAutowireCapableBeanFactory.java:517)
	at org.springframework.beans.factory.support.AbstractBeanFactory.lambda$doGetBean$0(AbstractBeanFactory.java:323)
	at org.springframework.beans.factory.support.DefaultSingletonBeanRegistry.getSingleton(DefaultSingletonBeanRegistry.java:222)
	at org.springframework.beans.factory.support.AbstractBeanFactory.doGetBean(AbstractBeanFactory.java:321)
	at org.springframework.beans.factory.support.AbstractBeanFactory.getBean(AbstractBeanFactory.java:202)
	at org.springframework.beans.factory.support.BeanDefinitionValueResolver.resolveReference(BeanDefinitionValueResolver.java:330)
	at org.springframework.beans.factory.support.BeanDefinitionValueResolver.resolveValueIfNecessary(BeanDefinitionValueResolver.java:113)
	at org.springframework.beans.factory.support.AbstractAutowireCapableBeanFactory.applyPropertyValues(AbstractAutowireCapableBeanFactory.java:1706)
	at org.springframework.beans.factory.support.AbstractAutowireCapableBeanFactory.populateBean(AbstractAutowireCapableBeanFactory.java:1451)
	at org.springframework.beans.factory.support.AbstractAutowireCapableBeanFactory.doCreateBean(AbstractAutowireCapableBeanFactory.java:594)
	at org.springframework.beans.factory.support.AbstractAutowireCapableBeanFactory.createBean(AbstractAutowireCapableBeanFactory.java:517)
	at org.springframework.beans.factory.support.AbstractBeanFactory.lambda$doGetBean$0(AbstractBeanFactory.java:323)
	at org.springframework.beans.factory.support.DefaultSingletonBeanRegistry.getSingleton(DefaultSingletonBeanRegistry.java:222)
	at org.springframework.beans.factory.support.AbstractBeanFactory.doGetBean(AbstractBeanFactory.java:321)
	at org.springframework.beans.factory.support.AbstractBeanFactory.getBean(AbstractBeanFactory.java:202)
	at org.springframework.beans.factory.support.BeanDefinitionValueResolver.resolveReference(BeanDefinitionValueResolver.java:330)
	at org.springframework.beans.factory.support.BeanDefinitionValueResolver.resolveValueIfNecessary(BeanDefinitionValueResolver.java:113)
	at org.springframework.beans.factory.support.AbstractAutowireCapableBeanFactory.applyPropertyValues(AbstractAutowireCapableBeanFactory.java:1706)
	at org.springframework.beans.factory.support.AbstractAutowireCapableBeanFactory.populateBean(AbstractAutowireCapableBeanFactory.java:1451)
	at org.springframework.beans.factory.support.AbstractAutowireCapableBeanFactory.doCreateBean(AbstractAutowireCapableBeanFactory.java:594)
	at org.springframework.beans.factory.support.AbstractAutowireCapableBeanFactory.createBean(AbstractAutowireCapableBeanFactory.java:517)
	at org.springframework.beans.factory.support.AbstractBeanFactory.lambda$doGetBean$0(AbstractBeanFactory.java:323)
	at org.springframework.beans.factory.support.DefaultSingletonBeanRegistry.getSingleton(DefaultSingletonBeanRegistry.java:222)
	at org.springframework.beans.factory.support.AbstractBeanFactory.doGetBean(AbstractBeanFactory.java:321)
	at org.springframework.beans.factory.support.AbstractBeanFactory.getTypeForFactoryBean(AbstractBeanFactory.java:1643)
	at org.springframework.beans.factory.support.AbstractAutowireCapableBeanFactory.getTypeForFactoryBean(AbstractAutowireCapableBeanFactory.java:895)
	at org.springframework.beans.factory.support.AbstractBeanFactory.isTypeMatch(AbstractBeanFactory.java:613)
	at org.springframework.beans.factory.support.DefaultListableBeanFactory.doGetBeanNamesForType(DefaultListableBeanFactory.java:533)
	at org.springframework.beans.factory.support.DefaultListableBeanFactory.getBeanNamesForType(DefaultListableBeanFactory.java:499)
	at org.springframework.beans.factory.BeanFactoryUtils.beanNamesForTypeIncludingAncestors(BeanFactoryUtils.java:265)
	at org.springframework.beans.factory.support.DefaultListableBeanFactory.findAutowireCandidates(DefaultListableBeanFactory.java:1451)
	at org.springframework.beans.factory.support.DefaultListableBeanFactory.doResolveDependency(DefaultListableBeanFactory.java:1250)
	at org.springframework.beans.factory.support.DefaultListableBeanFactory.resolveDependency(DefaultListableBeanFactory.java:1207)
	at org.springframework.context.annotation.CommonAnnotationBeanPostProcessor.autowireResource(CommonAnnotationBeanPostProcessor.java:537)
	at org.springframework.context.annotation.CommonAnnotationBeanPostProcessor.getResource(CommonAnnotationBeanPostProcessor.java:513)
	at org.springframework.context.annotation.CommonAnnotationBeanPostProcessor$ResourceElement.getResourceToInject(CommonAnnotationBeanPostProcessor.java:653)
	at org.springframework.beans.factory.annotation.InjectionMetadata$InjectedElement.inject(InjectionMetadata.java:224)
	at org.springframework.beans.factory.annotation.InjectionMetadata.inject(InjectionMetadata.java:116)
	at org.springframework.context.annotation.CommonAnnotationBeanPostProcessor.postProcessProperties(CommonAnnotationBeanPostProcessor.java:334)
	at org.springframework.beans.factory.support.AbstractAutowireCapableBeanFactory.populateBean(AbstractAutowireCapableBeanFactory.java:1429)
	at org.springframework.beans.factory.support.AbstractAutowireCapableBeanFactory.doCreateBean(AbstractAutowireCapableBeanFactory.java:594)
	at org.springframework.beans.factory.support.AbstractAutowireCapableBeanFactory.createBean(AbstractAutowireCapableBeanFactory.java:517)
	at org.springframework.beans.factory.support.AbstractBeanFactory.lambda$doGetBean$0(AbstractBeanFactory.java:323)
	at org.springframework.beans.factory.support.DefaultSingletonBeanRegistry.getSingleton(DefaultSingletonBeanRegistry.java:222)
	at org.springframework.beans.factory.support.AbstractBeanFactory.doGetBean(AbstractBeanFactory.java:321)
	at org.springframework.beans.factory.support.AbstractBeanFactory.getBean(AbstractBeanFactory.java:202)
	at org.springframework.beans.factory.support.DefaultListableBeanFactory.preInstantiateSingletons(DefaultListableBeanFactory.java:879)
	at org.springframework.context.support.AbstractApplicationContext.finishBeanFactoryInitialization(AbstractApplicationContext.java:878)
	at org.springframework.context.support.AbstractApplicationContext.refresh(AbstractApplicationContext.java:550)
	at org.springframework.context.support.ClassPathXmlApplicationContext.<init>(ClassPathXmlApplicationContext.java:144)
	at org.springframework.context.support.ClassPathXmlApplicationContext.<init>(ClassPathXmlApplicationContext.java:85)
	at test.Test.asd(Test.java:13)
	at sun.reflect.NativeMethodAccessorImpl.invoke0(Native Method)
	at sun.reflect.NativeMethodAccessorImpl.invoke(NativeMethodAccessorImpl.java:62)
	at sun.reflect.DelegatingMethodAccessorImpl.invoke(DelegatingMethodAccessorImpl.java:43)
	at java.lang.reflect.Method.invoke(Method.java:498)
	at org.junit.runners.model.FrameworkMethod$1.runReflectiveCall(FrameworkMethod.java:47)
	at org.junit.internal.runners.model.ReflectiveCallable.run(ReflectiveCallable.java:12)
	at org.junit.runners.model.FrameworkMethod.invokeExplosively(FrameworkMethod.java:44)
	at org.junit.internal.runners.statements.InvokeMethod.evaluate(InvokeMethod.java:17)
	at org.junit.runners.ParentRunner.runLeaf(ParentRunner.java:271)
	at org.junit.runners.BlockJUnit4ClassRunner.runChild(BlockJUnit4ClassRunner.java:70)
	at org.junit.runners.BlockJUnit4ClassRunner.runChild(BlockJUnit4ClassRunner.java:50)
	at org.junit.runners.ParentRunner$3.run(ParentRunner.java:238)
	at org.junit.runners.ParentRunner$1.schedule(ParentRunner.java:63)
	at org.junit.runners.ParentRunner.runChildren(ParentRunner.java:236)
	at org.junit.runners.ParentRunner.access$000(ParentRunner.java:53)
	at org.junit.runners.ParentRunner$2.evaluate(ParentRunner.java:229)
	at org.junit.runners.ParentRunner.run(ParentRunner.java:309)
	at org.junit.runner.JUnitCore.run(JUnitCore.java:160)
	at com.intellij.junit4.JUnit4IdeaTestRunner.startRunnerWithArgs(JUnit4IdeaTestRunner.java:68)
	at com.intellij.rt.junit.IdeaTestRunner$Repeater.startRunnerWithArgs(IdeaTestRunner.java:33)
	at com.intellij.rt.junit.JUnitStarter.prepareStreamsAndStart(JUnitStarter.java:230)
	at com.intellij.rt.junit.JUnitStarter.main(JUnitStarter.java:58)
Caused by: java.lang.ClassNotFoundException: oracle.jdbc.driver.OracleDriver
	at java.net.URLClassLoader.findClass(URLClassLoader.java:381)
	at java.lang.ClassLoader.loadClass(ClassLoader.java:424)
	at sun.misc.Launcher$AppClassLoader.loadClass(Launcher.java:335)
	at java.lang.ClassLoader.loadClass(ClassLoader.java:357)
	at java.lang.Class.forName0(Native Method)
	at java.lang.Class.forName(Class.java:264)
	at com.alibaba.druid.util.JdbcUtils.createDriver(JdbcUtils.java:508)
	... 83 more
[INFO] [2020-04-13 14:15:13][com.alibaba.druid.pool.DruidDataSource]{dataSource-1} inited
[DEBUG] [2020-04-13 14:32:48][druid.sql.Connection]{conn-10001} connected
[DEBUG] [2020-04-13 14:32:48][druid.sql.Connection]{conn-10002} connected
[DEBUG] [2020-04-13 14:32:48][druid.sql.Connection]{conn-10003} connected
[DEBUG] [2020-04-13 14:32:48][druid.sql.Connection]{conn-10004} connected
[DEBUG] [2020-04-13 14:32:48][druid.sql.Connection]{conn-10005} connected
[INFO] [2020-04-13 14:32:48][com.alibaba.druid.pool.DruidDataSource]{dataSource-1} inited
[DEBUG] [2020-04-13 14:32:49][druid.sql.Connection]{conn-10005} pool-connect
[DEBUG] [2020-04-13 14:32:49][druid.sql.Connection]{conn-10005} pool-recycle
[DEBUG] [2020-04-13 14:39:50][druid.sql.Connection]{conn-10001} connected
[DEBUG] [2020-04-13 14:39:51][druid.sql.Connection]{conn-10002} connected
[DEBUG] [2020-04-13 14:39:51][druid.sql.Connection]{conn-10003} connected
[DEBUG] [2020-04-13 14:39:51][druid.sql.Connection]{conn-10004} connected
[DEBUG] [2020-04-13 14:39:51][druid.sql.Connection]{conn-10005} connected
[INFO] [2020-04-13 14:39:51][com.alibaba.druid.pool.DruidDataSource]{dataSource-1} inited
[DEBUG] [2020-04-13 14:39:51][druid.sql.Connection]{conn-10005} pool-connect
[DEBUG] [2020-04-13 14:39:51][druid.sql.Connection]{conn-10005} pool-recycle
[DEBUG] [2020-04-13 14:44:09][druid.sql.Connection]{conn-10001} connected
[DEBUG] [2020-04-13 14:44:09][druid.sql.Connection]{conn-10002} connected
[DEBUG] [2020-04-13 14:44:09][druid.sql.Connection]{conn-10003} connected
[DEBUG] [2020-04-13 14:44:09][druid.sql.Connection]{conn-10004} connected
[DEBUG] [2020-04-13 14:44:09][druid.sql.Connection]{conn-10005} connected
[INFO] [2020-04-13 14:44:09][com.alibaba.druid.pool.DruidDataSource]{dataSource-1} inited
[DEBUG] [2020-04-13 14:44:09][druid.sql.Connection]{conn-10005} pool-connect
[DEBUG] [2020-04-13 14:44:09][druid.sql.Connection]{conn-10005} pool-recycle
[DEBUG] [2020-04-13 14:59:30][druid.sql.Connection]{conn-10001} connected
[DEBUG] [2020-04-13 14:59:30][druid.sql.Connection]{conn-10002} connected
[DEBUG] [2020-04-13 14:59:30][druid.sql.Connection]{conn-10003} connected
[DEBUG] [2020-04-13 14:59:30][druid.sql.Connection]{conn-10004} connected
[DEBUG] [2020-04-13 14:59:30][druid.sql.Connection]{conn-10005} connected
[INFO] [2020-04-13 14:59:30][com.alibaba.druid.pool.DruidDataSource]{dataSource-1} inited
[DEBUG] [2020-04-13 14:59:30][druid.sql.Connection]{conn-10005} pool-connect
[DEBUG] [2020-04-13 14:59:30][druid.sql.Connection]{conn-10005} pool-recycle
[DEBUG] [2020-04-13 14:59:30][druid.sql.Connection]{conn-10005} pool-connect
[DEBUG] [2020-04-13 14:59:30][druid.sql.Connection]{conn-10005} setAutoCommit false
[DEBUG] [2020-04-13 14:59:30][druid.sql.Connection]{conn-10005} setAutoCommit true
[DEBUG] [2020-04-13 14:59:30][druid.sql.Connection]{conn-10005} pool-recycle
[DEBUG] [2020-04-13 15:03:55][druid.sql.Connection]{conn-10001} connected
[DEBUG] [2020-04-13 15:03:55][druid.sql.Connection]{conn-10002} connected
[DEBUG] [2020-04-13 15:03:55][druid.sql.Connection]{conn-10003} connected
[DEBUG] [2020-04-13 15:03:55][druid.sql.Connection]{conn-10004} connected
[DEBUG] [2020-04-13 15:03:56][druid.sql.Connection]{conn-10005} connected
[INFO] [2020-04-13 15:03:56][com.alibaba.druid.pool.DruidDataSource]{dataSource-1} inited
[DEBUG] [2020-04-13 15:03:56][druid.sql.Connection]{conn-10005} pool-connect
[DEBUG] [2020-04-13 15:03:56][druid.sql.Connection]{conn-10005} pool-recycle
[DEBUG] [2020-04-13 15:03:56][druid.sql.Connection]{conn-10005} pool-connect
[DEBUG] [2020-04-13 15:03:56][druid.sql.Connection]{conn-10005} setAutoCommit false
[DEBUG] [2020-04-13 15:03:56][druid.sql.Connection]{conn-10005} setAutoCommit true
[DEBUG] [2020-04-13 15:03:56][druid.sql.Connection]{conn-10005} pool-recycle
